This is pdfTeX, Version 3.1415926-2.3-1.40.12 (MiKTeX 2.9) (preloaded format=pdflatex 2018.5.14)  21 MAY 2018 09:25
entering extended mode
**//VBOXSVR/Downloads/4.*CIKM*2018/webput-demo.tex
("//VBOXSVR/Downloads/4. CIKM 2018/webput-demo.tex"
LaTeX2e <2011/06/27>
Babel <v3.8m> and hyphenation patterns for loaded.
("\\VBOXSVR\Downloads\4. CIKM 2018\acmart.cls"
Document Class: acmart 2018/04/14 v1.53 Typesetting articles for the Associatio
n for Computing Machinery
(C:\CTEX\MiKTeX\tex\latex\xkeyval\xkeyval.sty
Package: xkeyval 2008/08/13 v2.6a package option processing (HA)

(C:\CTEX\MiKTeX\tex\generic\xkeyval\xkeyval.tex
\XKV@toks=\toks14
\XKV@tempa@toks=\toks15
\XKV@depth=\count79
File: xkeyval.tex 2008/08/13 v2.6a key=value parser (HA)

(C:\CTEX\MiKTeX\tex\generic\xkeyval\keyval.tex)))
(C:\CTEX\MiKTeX\tex\latex\xstring\xstring.sty
(C:\CTEX\MiKTeX\tex\generic\xstring\xstring.tex
\@xs@message=\write3
\integerpart=\count80
\decimalpart=\count81
)
Package: xstring 2010/03/28  v1.5d  String manipulations (C Tellechea)
)
Package acmart Info: Not using screen mode on input line 73.
Package acmart Info: Requiring acmthm on input line 81.
Package acmart Info: Not using review mode on input line 90.
Package acmart Info: Not using authorversion mode on input line 98.
Package acmart Info: Explicitly selecting natbib mode on input line 106.
Package acmart Info: Not using anonymous mode on input line 114.
Package acmart Info: Not using timestamp mode on input line 122.
Package acmart Info: Not using authordraft mode on input line 132.
Class acmart Info: Using format sigconf, number 4 on input line 141.
Class acmart Info: Using fontsize 9pt on input line 199.

(C:\CTEX\MiKTeX\tex\latex\ams\classes\amsart.cls
Document Class: amsart 2009/07/02 v2.20.1
\linespacing=\dimen102
\normalparindent=\dimen103
\normaltopskip=\skip41
(C:\CTEX\MiKTeX\tex\latex\ams\math\amsmath.sty
Package: amsmath 2000/07/18 v2.13 AMS math features
\@mathmargin=\skip42

For additional information on amsmath, use the `?' option.
(C:\CTEX\MiKTeX\tex\latex\ams\math\amstext.sty
Package: amstext 2000/06/29 v2.01

(C:\CTEX\MiKTeX\tex\latex\ams\math\amsgen.sty
File: amsgen.sty 1999/11/30 v2.0
\@emptytoks=\toks16
\ex@=\dimen104
))
(C:\CTEX\MiKTeX\tex\latex\ams\math\amsbsy.sty
Package: amsbsy 1999/11/29 v1.2d
\pmbraise@=\dimen105
)
(C:\CTEX\MiKTeX\tex\latex\ams\math\amsopn.sty
Package: amsopn 1999/12/14 v2.01 operator names
)
\inf@bad=\count82
LaTeX Info: Redefining \frac on input line 211.
\uproot@=\count83
\leftroot@=\count84
LaTeX Info: Redefining \overline on input line 307.
\classnum@=\count85
\DOTSCASE@=\count86
LaTeX Info: Redefining \ldots on input line 379.
LaTeX Info: Redefining \dots on input line 382.
LaTeX Info: Redefining \cdots on input line 467.
\Mathstrutbox@=\box26
\strutbox@=\box27
\big@size=\dimen106
LaTeX Font Info:    Redeclaring font encoding OML on input line 567.
LaTeX Font Info:    Redeclaring font encoding OMS on input line 568.
\macc@depth=\count87
\c@MaxMatrixCols=\count88
\dotsspace@=\muskip10
\c@parentequation=\count89
\dspbrk@lvl=\count90
\tag@help=\toks17
\row@=\count91
\column@=\count92
\maxfields@=\count93
\andhelp@=\toks18
\eqnshift@=\dimen107
\alignsep@=\dimen108
\tagshift@=\dimen109
\tagwidth@=\dimen110
\totwidth@=\dimen111
\lineht@=\dimen112
\@envbody=\toks19
\multlinegap=\skip43
\multlinetaggap=\skip44
\mathdisplay@stack=\toks20
LaTeX Info: Redefining \[ on input line 2666.
LaTeX Info: Redefining \] on input line 2667.
)
LaTeX Font Info:    Try loading font information for U+msa on input line 388.

(C:\CTEX\MiKTeX\tex\latex\amsfonts\umsa.fd
File: umsa.fd 2009/06/22 v3.00 AMS symbols A
)
(C:\CTEX\MiKTeX\tex\latex\amsfonts\amsfonts.sty
Package: amsfonts 2009/06/22 v3.00 Basic AMSFonts support
\symAMSa=\mathgroup4
\symAMSb=\mathgroup5
LaTeX Font Info:    Overwriting math alphabet `\mathfrak' in version `bold'
(Font)                  U/euf/m/n --> U/euf/b/n on input line 96.
)
\copyins=\insert233
\abstractbox=\box28
\listisep=\skip45
\c@part=\count94
\c@section=\count95
\c@subsection=\count96
\c@subsubsection=\count97
\c@paragraph=\count98
\c@subparagraph=\count99
\c@figure=\count100
\c@table=\count101
\abovecaptionskip=\skip46
\belowcaptionskip=\skip47
\captionindent=\dimen113
\thm@style=\toks21
\thm@bodyfont=\toks22
\thm@headfont=\toks23
\thm@notefont=\toks24
\thm@headpunct=\toks25
\thm@preskip=\skip48
\thm@postskip=\skip49
\thm@headsep=\skip50
\dth@everypar=\toks26
)
(C:\CTEX\MiKTeX\tex\latex\microtype\microtype.sty
Package: microtype 2010/01/10 v2.4 Micro-typography with pdfTeX (RS)
\MT@toks=\toks27
\MT@count=\count102
LaTeX Info: Redefining \lsstyle on input line 1597.
LaTeX Info: Redefining \lslig on input line 1597.
\MT@outer@space=\skip51
LaTeX Info: Redefining \textls on input line 1605.
\MT@outer@kern=\dimen114
LaTeX Info: Redefining \textmicrotypecontext on input line 2156.
Package microtype Info: Loading configuration file microtype.cfg.

(C:\CTEX\MiKTeX\tex\latex\microtype\microtype.cfg
File: microtype.cfg 2010/01/10 v2.4 microtype main configuration file (RS)
))
(C:\CTEX\MiKTeX\tex\latex\etoolbox\etoolbox.sty
Package: etoolbox 2011/01/03 v2.1 e-TeX tools for LaTeX

(C:\CTEX\MiKTeX\tex\latex\misc\etex.sty
Package: etex 1998/03/26 v2.0 eTeX basic definition package (PEB)
\et@xins=\count103
)
\etb@tempcnta=\count104
)
(C:\CTEX\MiKTeX\tex\latex\oberdiek\refcount.sty
Package: refcount 2010/12/01 v3.2 Data extraction from references (HO)

(C:\CTEX\MiKTeX\tex\generic\oberdiek\ltxcmds.sty
Package: ltxcmds 2011/04/18 v1.20 LaTeX kernel commands for general use (HO)
)
(C:\CTEX\MiKTeX\tex\generic\oberdiek\infwarerr.sty
Package: infwarerr 2010/04/08 v1.3 Providing info/warning/message (HO)
))
(C:\CTEX\MiKTeX\tex\latex\totpages\totpages.sty
Package: totpages 2005/09/19 v2.00 Totpages Package (muewi)

(C:\CTEX\MiKTeX\tex\latex\ms\everyshi.sty
Package: everyshi 2001/05/15 v3.00 EveryShipout Package (MS)
))
(C:\CTEX\MiKTeX\tex\latex\environ\environ.sty
Package: environ 2008/06/18 v0.2 A new way to define environments
)
(C:\CTEX\MiKTeX\tex\latex\textcase\textcase.sty
Package: textcase 2004/10/07 v0.07 Text only upper/lower case changing (DPC)
)
(C:\CTEX\MiKTeX\tex\latex\natbib\natbib.sty
Package: natbib 2010/09/13 8.31b (PWD, AO)
\bibhang=\skip52
\bibsep=\skip53
LaTeX Info: Redefining \cite on input line 694.
\c@NAT@ctr=\count105
)
(C:\CTEX\MiKTeX\tex\latex\hyperref\hyperref.sty
Package: hyperref 2012/02/06 v6.82o Hypertext links for LaTeX

(C:\CTEX\MiKTeX\tex\generic\oberdiek\hobsub-hyperref.sty
Package: hobsub-hyperref 2011/04/23 v1.4 Bundle oberdiek, subset hyperref (HO)

(C:\CTEX\MiKTeX\tex\generic\oberdiek\hobsub-generic.sty
Package: hobsub-generic 2011/04/23 v1.4 Bundle oberdiek, subset generic (HO)
Package: hobsub 2011/04/23 v1.4 Subsetting bundle oberdiek (HO)
Package hobsub Info: Skipping package `infwarerr' (already loaded).
Package hobsub Info: Skipping package `ltxcmds' (already loaded).
Package: ifluatex 2010/03/01 v1.3 Provides the ifluatex switch (HO)
Package ifluatex Info: LuaTeX not detected.
Package: ifvtex 2010/03/01 v1.5 Switches for detecting VTeX and its modes (HO)
Package ifvtex Info: VTeX not detected.
Package: intcalc 2007/09/27 v1.1 Expandable integer calculations (HO)
Package: ifpdf 2011/01/30 v2.3 Provides the ifpdf switch (HO)
Package ifpdf Info: pdfTeX in PDF mode is detected.
Package: etexcmds 2011/02/16 v1.5 Prefix for e-TeX command names (HO)
Package etexcmds Info: Could not find \expanded.
(etexcmds)             That can mean that you are not using pdfTeX 1.50 or
(etexcmds)             that some package has redefined \expanded.
(etexcmds)             In the latter case, load this package earlier.
Package: kvsetkeys 2011/04/07 v1.13 Key value parser (HO)
Package: kvdefinekeys 2011/04/07 v1.3 Defining keys (HO)
Package: pdftexcmds 2011/04/22 v0.16 Utilities of pdfTeX for LuaTeX (HO)
Package pdftexcmds Info: LuaTeX not detected.
Package pdftexcmds Info: \pdf@primitive is available.
Package pdftexcmds Info: \pdf@ifprimitive is available.
Package pdftexcmds Info: \pdfdraftmode found.
Package: pdfescape 2011/04/04 v1.12 Provides string conversions (HO)
Package: bigintcalc 2011/01/30 v1.2 Expandable big integer calculations (HO)
Package: bitset 2011/01/30 v1.1 Data type bit set (HO)
Package: uniquecounter 2011/01/30 v1.2 Provides unlimited unique counter (HO)
)
Package hobsub Info: Skipping package `hobsub' (already loaded).
Package: letltxmacro 2010/09/02 v1.4 Let assignment for LaTeX macros (HO)
Package: hopatch 2011/01/30 v1.0 Wrapper for package hooks (HO)
Package: xcolor-patch 2011/01/30 xcolor patch
Package: atveryend 2011/04/23 v1.7 Hooks at very end of document (HO)
Package: atbegshi 2011/01/30 v1.15 At begin shipout hook (HO)
Package hobsub Info: Skipping package `refcount' (already loaded).
Package: hycolor 2011/01/30 v1.7 Color options of hyperref/bookmark (HO)
)
(C:\CTEX\MiKTeX\tex\generic\ifxetex\ifxetex.sty
Package: ifxetex 2010/09/12 v0.6 Provides ifxetex conditional
)
(C:\CTEX\MiKTeX\tex\latex\oberdiek\kvoptions.sty
Package: kvoptions 2010/12/23 v3.10 Keyval support for LaTeX options (HO)
)
\@linkdim=\dimen115
\Hy@linkcounter=\count106
\Hy@pagecounter=\count107

(C:\CTEX\MiKTeX\tex\latex\hyperref\pd1enc.def
File: pd1enc.def 2012/02/06 v6.82o Hyperref: PDFDocEncoding definition (HO)
)
\Hy@SavedSpaceFactor=\count108

(C:\CTEX\MiKTeX\tex\latex\00miktex\hyperref.cfg
File: hyperref.cfg 2002/06/06 v1.2 hyperref configuration of TeXLive
)
Package hyperref Info: Option `bookmarksnumbered' set `true' on input line 3925
.
Package hyperref Info: Option `unicode' set `true' on input line 3925.

(C:\CTEX\MiKTeX\tex\latex\hyperref\puenc.def
File: puenc.def 2012/02/06 v6.82o Hyperref: PDF Unicode definition (HO)
)
Package hyperref Info: Hyper figures OFF on input line 4046.
Package hyperref Info: Link nesting OFF on input line 4051.
Package hyperref Info: Hyper index ON on input line 4054.
Package hyperref Info: Plain pages OFF on input line 4061.
Package hyperref Info: Backreferencing OFF on input line 4066.
Package hyperref Info: Implicit mode ON; LaTeX internals redefined.
Package hyperref Info: Bookmarks ON on input line 4284.
\c@Hy@tempcnt=\count109

(C:\CTEX\MiKTeX\tex\latex\ltxmisc\url.sty
\Urlmuskip=\muskip11
Package: url 2006/04/12  ver 3.3  Verb mode for urls, etc.
)
LaTeX Info: Redefining \url on input line 4637.
\Fld@menulength=\count110
\Field@Width=\dimen116
\Fld@charsize=\dimen117
Package hyperref Info: Hyper figures OFF on input line 5757.
Package hyperref Info: Link nesting OFF on input line 5762.
Package hyperref Info: Hyper index ON on input line 5765.
Package hyperref Info: backreferencing OFF on input line 5772.
Package hyperref Info: Link coloring OFF on input line 5777.
Package hyperref Info: Link coloring with OCG OFF on input line 5782.
Package hyperref Info: PDF/A mode OFF on input line 5787.
LaTeX Info: Redefining \ref on input line 5827.
LaTeX Info: Redefining \pageref on input line 5831.
\Hy@abspage=\count111
\c@Item=\count112
\c@Hfootnote=\count113
)

Package hyperref Message: Driver (autodetected): hpdftex.

(C:\CTEX\MiKTeX\tex\latex\hyperref\hpdftex.def
File: hpdftex.def 2012/02/06 v6.82o Hyperref driver for pdfTeX
\Fld@listcount=\count114
\c@bookmark@seq@number=\count115

(C:\CTEX\MiKTeX\tex\latex\oberdiek\rerunfilecheck.sty
Package: rerunfilecheck 2011/04/15 v1.7 Rerun checks for auxiliary files (HO)
Package uniquecounter Info: New unique counter `rerunfilecheck' on input line 2
82.
)
\Hy@SectionHShift=\skip54
)
(C:\CTEX\MiKTeX\tex\latex\graphics\graphicx.sty
Package: graphicx 1999/02/16 v1.0f Enhanced LaTeX Graphics (DPC,SPQR)

(C:\CTEX\MiKTeX\tex\latex\graphics\graphics.sty
Package: graphics 2009/02/05 v1.0o Standard LaTeX Graphics (DPC,SPQR)

(C:\CTEX\MiKTeX\tex\latex\graphics\trig.sty
Package: trig 1999/03/16 v1.09 sin cos tan (DPC)
)
(C:\CTEX\MiKTeX\tex\latex\00miktex\graphics.cfg
File: graphics.cfg 2007/01/18 v1.5 graphics configuration of teTeX/TeXLive
)
Package graphics Info: Driver file: pdftex.def on input line 91.

(C:\CTEX\MiKTeX\tex\latex\pdftex-def\pdftex.def
File: pdftex.def 2011/05/27 v0.06d Graphics/color for pdfTeX
\Gread@gobject=\count116
))
\Gin@req@height=\dimen118
\Gin@req@width=\dimen119
)
(C:\CTEX\MiKTeX\tex\latex\xcolor\xcolor.sty
Package: xcolor 2007/01/21 v2.11 LaTeX color extensions (UK)

(C:\CTEX\MiKTeX\tex\latex\00miktex\color.cfg
File: color.cfg 2007/01/18 v1.5 color configuration of teTeX/TeXLive
)
Package xcolor Info: Driver file: pdftex.def on input line 225.
Package xcolor Info: Model `cmy' substituted by `cmy0' on input line 1337.
Package xcolor Info: Model `hsb' substituted by `rgb' on input line 1341.
Package xcolor Info: Model `RGB' extended on input line 1353.
Package xcolor Info: Model `HTML' substituted by `rgb' on input line 1355.
Package xcolor Info: Model `Hsb' substituted by `hsb' on input line 1356.
Package xcolor Info: Model `tHsb' substituted by `hsb' on input line 1357.
Package xcolor Info: Model `HSB' substituted by `hsb' on input line 1358.
Package xcolor Info: Model `Gray' substituted by `gray' on input line 1359.
Package xcolor Info: Model `wave' substituted by `hsb' on input line 1360.
)
(C:\CTEX\MiKTeX\tex\latex\geometry\geometry.sty
Package: geometry 2010/09/12 v5.6 Page Geometry
\Gm@cnth=\count117
\Gm@cntv=\count118
\c@Gm@tempcnt=\count119
\Gm@bindingoffset=\dimen120
\Gm@wd@mp=\dimen121
\Gm@odd@mp=\dimen122
\Gm@even@mp=\dimen123
\Gm@layoutwidth=\dimen124
\Gm@layoutheight=\dimen125
\Gm@layouthoffset=\dimen126
\Gm@layoutvoffset=\dimen127
\Gm@dimlist=\toks28

(C:\CTEX\MiKTeX\tex\latex\geometry\geometry.cfg))
(C:\CTEX\MiKTeX\tex\latex\ncctools\manyfoot.sty
Package: manyfoot 2005/09/11 v1.10 Many Footnote Levels Package (NCC)

(C:\CTEX\MiKTeX\tex\latex\ncctools\nccfoots.sty
Package: nccfoots 2005/02/03 v1.2 NCC Footnotes Package (NCC)
)
\MFL@columnwidth=\dimen128
)
\footinsauthorsaddresses=\insert232
\c@footnoteauthorsaddresses=\count120
\footinscopyrightpermission=\insert231
\c@footnotecopyrightpermission=\count121

(C:\CTEX\MiKTeX\tex\latex\iftex\iftex.sty
Package: iftex 2010/07/25 v0.2 Provides if(tex) conditional for PDFTeX, XeTeX, 
and LuaTeX
)
(C:\CTEX\MiKTeX\tex\generic\pdftex\glyphtounicode.tex)
(C:\CTEX\MiKTeX\tex\latex\cmap\cmap.sty
Package: cmap 2008/03/06 v1.0h CMap support: searchable PDF
)

Class acmart Warning: You do not have the zi4 package installed. Please upgrade
 your TeX on input line 637.


Class acmart Warning: You do not have the newtxmath package installed. Please u
pgrade your TeX on input line 640.

(C:\CTEX\MiKTeX\tex\latex\caption\caption.sty
Package: caption 2011/11/10 v3.2e Customizing captions (AR)

(C:\CTEX\MiKTeX\tex\latex\caption\caption3.sty
Package: caption3 2011/11/01 v1.4a caption3 kernel (AR)
\captionmargin=\dimen129
\captionmargin@=\dimen130
\captionwidth=\dimen131
\caption@indent=\dimen132
\caption@parindent=\dimen133
\caption@hangindent=\dimen134
)
Package caption Info: AMS or SMF document class.
\c@ContinuedFloat=\count122
Package caption Info: hyperref package is loaded.
)
(C:\CTEX\MiKTeX\tex\latex\float\float.sty
Package: float 2001/11/08 v1.3d Float enhancements (AL)
\c@float@type=\count123
\float@exts=\toks29
\float@box=\box29
\@float@everytoks=\toks30
\@floatcapt=\box30
)
\@float@every@sidebar=\toks31
\c@sidebar=\count124
\fulltextwidth=\dimen135
\@ACM@labelwidth=\dimen136
\listisep=\skip55
\num@authorgroups=\count125
\num@authors=\count126
\@ACM@badge@width=\skip56
\@ACM@title@width=\skip57
\@ACM@badge@skip=\skip58
Class acmart Info: Printing CCS on input line 1281.
Class acmart Info: Printing bibformat on input line 1281.
Class acmart Info: Suppressing folios on input line 1288.
Class acmart Info: Setting authorsperrow to 0 on input line 1291.

(C:\CTEX\MiKTeX\tex\latex\comment\comment.sty
\CommentStream=\write4
 Excluding comment 'comment')
Excluding comment 'CCSXML' (C:\CTEX\MiKTeX\tex\latex\base\textcomp.sty
Package: textcomp 2005/09/27 v1.99g Standard LaTeX package
Package textcomp Info: Sub-encoding information:
(textcomp)               5 = only ISO-Adobe without \textcurrency
(textcomp)               4 = 5 + \texteuro
(textcomp)               3 = 4 + \textohm
(textcomp)               2 = 3 + \textestimated + \textcurrency
(textcomp)               1 = TS1 - \textcircled - \t
(textcomp)               0 = TS1 (full)
(textcomp)             Font families with sub-encoding setting implement
(textcomp)             only a restricted character set as indicated.
(textcomp)             Family '?' is the default used for unknown fonts.
(textcomp)             See the documentation for details.
Package textcomp Info: Setting ? sub-encoding to TS1/1 on input line 71.

(C:\CTEX\MiKTeX\tex\latex\base\ts1enc.def
File: ts1enc.def 2001/06/05 v3.0e (jk/car/fm) Standard LaTeX file
)
LaTeX Info: Redefining \oldstylenums on input line 266.
Package textcomp Info: Setting cmr sub-encoding to TS1/0 on input line 281.
Package textcomp Info: Setting cmss sub-encoding to TS1/0 on input line 282.
Package textcomp Info: Setting cmtt sub-encoding to TS1/0 on input line 283.
Package textcomp Info: Setting cmvtt sub-encoding to TS1/0 on input line 284.
Package textcomp Info: Setting cmbr sub-encoding to TS1/0 on input line 285.
Package textcomp Info: Setting cmtl sub-encoding to TS1/0 on input line 286.
Package textcomp Info: Setting ccr sub-encoding to TS1/0 on input line 287.
Package textcomp Info: Setting ptm sub-encoding to TS1/4 on input line 288.
Package textcomp Info: Setting pcr sub-encoding to TS1/4 on input line 289.
Package textcomp Info: Setting phv sub-encoding to TS1/4 on input line 290.
Package textcomp Info: Setting ppl sub-encoding to TS1/3 on input line 291.
Package textcomp Info: Setting pag sub-encoding to TS1/4 on input line 292.
Package textcomp Info: Setting pbk sub-encoding to TS1/4 on input line 293.
Package textcomp Info: Setting pnc sub-encoding to TS1/4 on input line 294.
Package textcomp Info: Setting pzc sub-encoding to TS1/4 on input line 295.
Package textcomp Info: Setting bch sub-encoding to TS1/4 on input line 296.
Package textcomp Info: Setting put sub-encoding to TS1/5 on input line 297.
Package textcomp Info: Setting uag sub-encoding to TS1/5 on input line 298.
Package textcomp Info: Setting ugq sub-encoding to TS1/5 on input line 299.
Package textcomp Info: Setting ul8 sub-encoding to TS1/4 on input line 300.
Package textcomp Info: Setting ul9 sub-encoding to TS1/4 on input line 301.
Package textcomp Info: Setting augie sub-encoding to TS1/5 on input line 302.
Package textcomp Info: Setting dayrom sub-encoding to TS1/3 on input line 303.
Package textcomp Info: Setting dayroms sub-encoding to TS1/3 on input line 304.

Package textcomp Info: Setting pxr sub-encoding to TS1/0 on input line 305.
Package textcomp Info: Setting pxss sub-encoding to TS1/0 on input line 306.
Package textcomp Info: Setting pxtt sub-encoding to TS1/0 on input line 307.
Package textcomp Info: Setting txr sub-encoding to TS1/0 on input line 308.
Package textcomp Info: Setting txss sub-encoding to TS1/0 on input line 309.
Package textcomp Info: Setting txtt sub-encoding to TS1/0 on input line 310.
Package textcomp Info: Setting lmr sub-encoding to TS1/0 on input line 311.
Package textcomp Info: Setting lmdh sub-encoding to TS1/0 on input line 312.
Package textcomp Info: Setting lmss sub-encoding to TS1/0 on input line 313.
Package textcomp Info: Setting lmssq sub-encoding to TS1/0 on input line 314.
Package textcomp Info: Setting lmvtt sub-encoding to TS1/0 on input line 315.
Package textcomp Info: Setting qhv sub-encoding to TS1/0 on input line 316.
Package textcomp Info: Setting qag sub-encoding to TS1/0 on input line 317.
Package textcomp Info: Setting qbk sub-encoding to TS1/0 on input line 318.
Package textcomp Info: Setting qcr sub-encoding to TS1/0 on input line 319.
Package textcomp Info: Setting qcs sub-encoding to TS1/0 on input line 320.
Package textcomp Info: Setting qpl sub-encoding to TS1/0 on input line 321.
Package textcomp Info: Setting qtm sub-encoding to TS1/0 on input line 322.
Package textcomp Info: Setting qzc sub-encoding to TS1/0 on input line 323.
Package textcomp Info: Setting qhvc sub-encoding to TS1/0 on input line 324.
Package textcomp Info: Setting futs sub-encoding to TS1/4 on input line 325.
Package textcomp Info: Setting futx sub-encoding to TS1/4 on input line 326.
Package textcomp Info: Setting futj sub-encoding to TS1/4 on input line 327.
Package textcomp Info: Setting hlh sub-encoding to TS1/3 on input line 328.
Package textcomp Info: Setting hls sub-encoding to TS1/3 on input line 329.
Package textcomp Info: Setting hlst sub-encoding to TS1/3 on input line 330.
Package textcomp Info: Setting hlct sub-encoding to TS1/5 on input line 331.
Package textcomp Info: Setting hlx sub-encoding to TS1/5 on input line 332.
Package textcomp Info: Setting hlce sub-encoding to TS1/5 on input line 333.
Package textcomp Info: Setting hlcn sub-encoding to TS1/5 on input line 334.
Package textcomp Info: Setting hlcw sub-encoding to TS1/5 on input line 335.
Package textcomp Info: Setting hlcf sub-encoding to TS1/5 on input line 336.
Package textcomp Info: Setting pplx sub-encoding to TS1/3 on input line 337.
Package textcomp Info: Setting pplj sub-encoding to TS1/3 on input line 338.
Package textcomp Info: Setting ptmx sub-encoding to TS1/4 on input line 339.
Package textcomp Info: Setting ptmj sub-encoding to TS1/4 on input line 340.
)
\mktitle@bx=\box31
\@ACM@commabox=\box32
\author@bx=\box33
\author@bx@wd=\dimen137
\author@bx@sep=\skip59

(C:\CTEX\MiKTeX\tex\latex\fancyhdr\fancyhdr.sty
\fancy@headwidth=\skip60
\f@ncyO@elh=\skip61
\f@ncyO@erh=\skip62
\f@ncyO@olh=\skip63
\f@ncyO@orh=\skip64
\f@ncyO@elf=\skip65
\f@ncyO@erf=\skip66
\f@ncyO@olf=\skip67
\f@ncyO@orf=\skip68
)
\@folio@wd=\dimen138
\@folio@ht=\dimen139
\@folio@voffset=\dimen140
 Special comment 'acks')
Class acmart Info: Suppressing bibformat on input line 3.

(C:\CTEX\MiKTeX\tex\latex\preprint\balance.sty
Package: balance 1999/02/23 4.3 (PWD)
\oldvsize=\dimen141
)
(C:\CTEX\MiKTeX\tex\latex\booktabs\booktabs.sty
Package: booktabs 2005/04/14 v1.61803 publication quality tables
\heavyrulewidth=\dimen142
\lightrulewidth=\dimen143
\cmidrulewidth=\dimen144
\belowrulesep=\dimen145
\belowbottomsep=\dimen146
\aboverulesep=\dimen147
\abovetopsep=\dimen148
\cmidrulesep=\dimen149
\cmidrulekern=\dimen150
\defaultaddspace=\dimen151
\@cmidla=\count127
\@cmidlb=\count128
\@aboverulesep=\dimen152
\@belowrulesep=\dimen153
\@thisruleclass=\count129
\@lastruleclass=\count130
\@thisrulewidth=\dimen154
)
(C:\CTEX\MiKTeX\tex\latex\algorithms\algorithm.sty
Package: algorithm 2009/08/24 v0.1 Document Style `algorithm' - floating enviro
nment

(C:\CTEX\MiKTeX\tex\latex\base\ifthen.sty
Package: ifthen 2001/05/26 v1.1c Standard LaTeX ifthen package (DPC)
)
\@float@every@algorithm=\toks32
\c@algorithm=\count131
)
(C:\CTEX\MiKTeX\tex\latex\algorithms\algorithmic.sty
Package: algorithmic 2009/08/24 v0.1 Document Style `algorithmic'
\c@ALC@unique=\count132
\c@ALC@line=\count133
\c@ALC@rem=\count134
\c@ALC@depth=\count135
\ALC@tlm=\skip69
\algorithmicindent=\skip70
)
(C:\CTEX\MiKTeX\tex\latex\ulem\ulem.sty
\UL@box=\box34
\UL@hyphenbox=\box35
\UL@skip=\skip71
\UL@hook=\toks33
\UL@height=\dimen155
\UL@pe=\count136
\UL@pixel=\dimen156
\ULC@box=\box36
Package: ulem 2011/03/18
\ULdepth=\dimen157
)
(C:\CTEX\MiKTeX\tex\latex\oberdiek\epstopdf.sty
Package: epstopdf 2010/02/09 v2.5 Conversion with epstopdf on the fly (HO)

(C:\CTEX\MiKTeX\tex\latex\oberdiek\epstopdf-base.sty
Package: epstopdf-base 2010/02/09 v2.5 Base part for package epstopdf

(C:\CTEX\MiKTeX\tex\latex\oberdiek\grfext.sty
Package: grfext 2010/08/19 v1.1 Managing graphics extensions (HO)
)
Package grfext Info: Graphics extension search list:
(grfext)             [.png,.pdf,.jpg,.mps,.jpeg,.jbig2,.jb2,.PNG,.PDF,.JPG,.JPE
G,.JBIG2,.JB2,.eps]
(grfext)             \AppendGraphicsExtensions on input line 452.
))
\c@theorem=\count137

Excluding comment 'screenonly' Include comment 'printonly'
Include comment 'anonsuppress'

LaTeX Warning: Unused global option(s):
    [sigconf].

("\\VBOXSVR\Downloads\4. CIKM 2018\webput-demo.aux")
LaTeX Font Info:    Checking defaults for OML/cmm/m/it on input line 21.
LaTeX Font Info:    ... okay on input line 21.
LaTeX Font Info:    Checking defaults for T1/cmr/m/n on input line 21.
LaTeX Font Info:    ... okay on input line 21.
LaTeX Font Info:    Checking defaults for OT1/cmr/m/n on input line 21.
LaTeX Font Info:    ... okay on input line 21.
LaTeX Font Info:    Checking defaults for OMS/cmsy/m/n on input line 21.
LaTeX Font Info:    ... okay on input line 21.
LaTeX Font Info:    Checking defaults for OMX/cmex/m/n on input line 21.
LaTeX Font Info:    ... okay on input line 21.
LaTeX Font Info:    Checking defaults for U/cmr/m/n on input line 21.
LaTeX Font Info:    ... okay on input line 21.
LaTeX Font Info:    Checking defaults for PD1/pdf/m/n on input line 21.
LaTeX Font Info:    ... okay on input line 21.
LaTeX Font Info:    Checking defaults for PU/pdf/m/n on input line 21.
LaTeX Font Info:    ... okay on input line 21.
LaTeX Font Info:    Checking defaults for TS1/cmr/m/n on input line 21.
LaTeX Font Info:    Try loading font information for TS1+cmr on input line 21.

(C:\CTEX\MiKTeX\tex\latex\base\ts1cmr.fd
File: ts1cmr.fd 1999/05/25 v2.5h Standard LaTeX font definitions
)
LaTeX Font Info:    ... okay on input line 21.
<<ot1.cmap>><<oml.cmap>><<oms.cmap>><<omx.cmap>>
LaTeX Font Info:    Try loading font information for U+msa on input line 21.
 (C:\CTEX\MiKTeX\tex\latex\amsfonts\umsa.fd
File: umsa.fd 2009/06/22 v3.00 AMS symbols A
)
LaTeX Font Info:    Try loading font information for U+msb on input line 21.

(C:\CTEX\MiKTeX\tex\latex\amsfonts\umsb.fd
File: umsb.fd 2009/06/22 v3.00 AMS symbols B
)
LaTeX Info: Redefining \microtypecontext on input line 21.
Package microtype Info: Generating PDF output.
Package microtype Info: Character protrusion enabled (level 2).
Package microtype Info: Using default protrusion set `alltext'.
Package microtype Info: Automatic font expansion enabled (level 2),
(microtype)             stretch: 20, shrink: 20, step: 1, non-selected.
Package microtype Info: Using default expansion set `basictext'.
Package microtype Info: No tracking.
Package microtype Info: No adjustment of interword spacing.
Package microtype Info: No adjustment of character kerning.

(C:\CTEX\MiKTeX\tex\latex\microtype\mt-cmr.cfg
File: mt-cmr.cfg 2009/11/09 v2.0 microtype config. file: Computer Modern Roman 
(RS)
)
ABD: EveryShipout initializing macros
\AtBeginShipoutBox=\box37
Package hyperref Info: Link coloring OFF on input line 21.

(C:\CTEX\MiKTeX\tex\latex\hyperref\nameref.sty
Package: nameref 2010/04/30 v2.40 Cross-referencing by name of section

(C:\CTEX\MiKTeX\tex\generic\oberdiek\gettitlestring.sty
Package: gettitlestring 2010/12/03 v1.4 Cleanup title references (HO)
)
\c@section@level=\count138
)
LaTeX Info: Redefining \ref on input line 21.
LaTeX Info: Redefining \pageref on input line 21.
LaTeX Info: Redefining \nameref on input line 21.

("\\VBOXSVR\Downloads\4. CIKM 2018\webput-demo.out")
("\\VBOXSVR\Downloads\4. CIKM 2018\webput-demo.out")
\@outlinefile=\write5

(C:\CTEX\MiKTeX\tex\context\base\supp-pdf.mkii
[Loading MPS to PDF converter (version 2006.09.02).]
\scratchcounter=\count139
\scratchdimen=\dimen158
\scratchbox=\box38
\nofMPsegments=\count140
\nofMParguments=\count141
\everyMPshowfont=\toks34
\MPscratchCnt=\count142
\MPscratchDim=\dimen159
\MPnumerator=\count143
\makeMPintoPDFobject=\count144
\everyMPtoPDFconversion=\toks35
)
*geometry* driver: auto-detecting
*geometry* detected driver: pdftex
*geometry* verbose mode - [ preamble ] result:
* driver: pdftex
* paper: custom
* layout: <same size as paper>
* layoutoffset:(h,v)=(0.0pt,0.0pt)
* modes: includehead includefoot twoside heightrounded 
* h-part:(L,W,R)=(54.0pt, 506.295pt, 54.0pt)
* v-part:(T,H,B)=(57.0pt, 664.96999pt, 73.0pt)
* \paperwidth=614.295pt
* \paperheight=794.96999pt
* \textwidth=506.295pt
* \textheight=626.0pt
* \oddsidemargin=-18.26999pt
* \evensidemargin=-18.26999pt
* \topmargin=-15.26999pt
* \headheight=13.0pt
* \headsep=14.0pt
* \topskip=10.0pt
* \footskip=12.0pt
* \marginparwidth=24.0pt
* \marginparsep=11.0pt
* \columnsep=24.0pt
* \skip\footins=7.0pt plus 11.0pt
* \hoffset=0.0pt
* \voffset=0.0pt
* \mag=1000
* \@twocolumnfalse
* \@twosidetrue
* \@mparswitchtrue
* \@reversemarginfalse
* (1in=72.27pt=25.4mm, 1cm=28.453pt)

Package caption Info: Begin \AtBeginDocument code.
Package caption Info: float package is loaded.
Package caption Info: End \AtBeginDocument code.

Package hyperref Warning: Option `pdflang' has already been used,
(hyperref)                setting the option has no effect on input line 89.


Package hyperref Warning: Option `pdfdisplaydoctitle' has already been used,
(hyperref)                setting the option has no effect on input line 89.

Package epstopdf Info: Source file: <images/Architecture.eps>
(epstopdf)                    date: 2015-10-07 23:32:26
(epstopdf)                    size: 599769 bytes
(epstopdf)             Output file: <images/Architecture-eps-converted-to.pdf>
(epstopdf)                    date: 2015-10-08 01:22:52
(epstopdf)                    size: 79344 bytes
(epstopdf)             Command: <epstopdf --outfile=images/Architecture-eps-con
verted-to.pdf images/Architecture.eps>
(epstopdf)             \includegraphics on input line 114.
Package epstopdf Info: Output file is already uptodate.
<images/Architecture-eps-converted-to.pdf, id=57, 571.13374pt x 280.04625pt>
File: images/Architecture-eps-converted-to.pdf Graphic file (type pdf)

<use images/Architecture-eps-converted-to.pdf>
Package pdftex.def Info: images/Architecture-eps-converted-to.pdf used on input
 line 114.
(pdftex.def)             Requested size: 170.71652pt x 83.70685pt.

(C:\CTEX\MiKTeX\tex\latex\microtype\mt-msa.cfg
File: mt-msa.cfg 2006/02/04 v1.1 microtype config. file: AMS symbols (a) (RS)
)
(C:\CTEX\MiKTeX\tex\latex\microtype\mt-msb.cfg
File: mt-msb.cfg 2005/06/01 v1.0 microtype config. file: AMS symbols (b) (RS)
)
Underfull \vbox (badness 3679) has occurred while \output is active []

 [1.1{C:/CTEX/UserData/pdftex/config/pdftex.map{Unicode.sfd}{UGBK.sfd}}

 <//VBOXSVR/Downloads/4. CIKM 2018/images/Architecture-eps-converted-to.pdf>]<<
ot1tt.cmap>>
Overfull \hbox (1.86836pt too wide) in paragraph at lines 201--202
$[]$ \OT1/cmr/m/n/9 (-20) Giv-en a query tem-plate say [\OT1/cmtt/m/n/9 TITLE,
 []

[2.2]
Package epstopdf Info: Source file: <images/crowd.eps>
(epstopdf)                    date: 2015-10-07 23:47:08
(epstopdf)                    size: 586310 bytes
(epstopdf)             Output file: <images/crowd-eps-converted-to.pdf>
(epstopdf)                    date: 2015-10-08 01:22:52
(epstopdf)                    size: 111093 bytes
(epstopdf)             Command: <epstopdf --outfile=images/crowd-eps-converted-
to.pdf images/crowd.eps>
(epstopdf)             \includegraphics on input line 233.
Package epstopdf Info: Output file is already uptodate.
 <images/crowd-eps-converted-to.pdf, id=133, 474.77374pt x 645.41125pt>
File: images/crowd-eps-converted-to.pdf Graphic file (type pdf)

<use images/crowd-eps-converted-to.pdf>
Package pdftex.def Info: images/crowd-eps-converted-to.pdf used on input line 2
33.
(pdftex.def)             Requested size: 85.35826pt x 116.03113pt.
Package epstopdf Info: Source file: <images/process_.eps>
(epstopdf)                    date: 2015-05-01 18:39:58
(epstopdf)                    size: 1386308 bytes
(epstopdf)             Output file: <images/process_-eps-converted-to.pdf>
(epstopdf)                    date: 2015-05-01 19:33:46
(epstopdf)                    size: 840536 bytes
(epstopdf)             Command: <epstopdf --outfile=images/process_-eps-convert
ed-to.pdf images/process_.eps>
(epstopdf)             \includegraphics on input line 263.
Package epstopdf Info: Output file is already uptodate.

<images/process_-eps-converted-to.pdf, id=136, 1927.2pt x 1063.975pt>
File: images/process_-eps-converted-to.pdf Graphic file (type pdf)

<use images/process_-eps-converted-to.pdf>
Package pdftex.def Info: images/process_-eps-converted-to.pdf used on input lin
e 263.
(pdftex.def)             Requested size: 312.9803pt x 172.78836pt.

Underfull \vbox (badness 2941) has occurred while \output is active []

 [3.3 <//VBOXSVR/Downloads/4. CIKM 2018/images/crowd-eps-converted-to.pdf>]
Underfull \vbox (badness 3179) has occurred while \output is active []


("\\VBOXSVR\Downloads\4. CIKM 2018\webput-demo.bbl") [4.4 <//VBOXSVR/Downloads/
4. CIKM 2018/images/process_-eps-converted-to.pdf>]
Package atveryend Info: Empty hook `BeforeClearDocument' on input line 302.
Package atveryend Info: Empty hook `AfterLastShipout' on input line 302.

("\\VBOXSVR\Downloads\4. CIKM 2018\webput-demo.aux")
Package atveryend Info: Executing hook `AtVeryEndDocument' on input line 302.
Package atveryend Info: Executing hook `AtEndAfterFileList' on input line 302.
Package rerunfilecheck Info: File `webput-demo.out' has not changed.
(rerunfilecheck)             Checksum: 1FE3930D096E3BF366D48E86AF1FB6EB;1568.
 ) 
Here is how much of TeX's memory you used:
 13495 strings out of 495354
 192171 string characters out of 3183859
 355140 words of memory out of 3000000
 16120 multiletter control sequences out of 15000+200000
 13508 words of font info for 93 fonts, out of 3000000 for 9000
 175 hyphenation exceptions out of 8191
 60i,12n,94p,1383b,423s stack positions out of 5000i,500n,10000p,200000b,50000s
<C:/CTEX/MiKTeX/fonts/type1/public/amsfonts/cm/cmbx10.pfb><C:/CTEX/MiKTeX/fon
ts/type1/public/amsfonts/cm/cmbx8.pfb><C:/CTEX/MiKTeX/fonts/type1/public/amsfon
ts/cm/cmbx9.pfb><C:/CTEX/MiKTeX/fonts/type1/public/amsfonts/cmextra/cmex9.pfb><
C:/CTEX/MiKTeX/fonts/type1/public/amsfonts/cm/cmmi5.pfb><C:/CTEX/MiKTeX/fonts/t
ype1/public/amsfonts/cm/cmmi6.pfb><C:/CTEX/MiKTeX/fonts/type1/public/amsfonts/c
m/cmmi9.pfb><C:/CTEX/MiKTeX/fonts/type1/public/amsfonts/cm/cmr5.pfb><C:/CTEX/Mi
KTeX/fonts/type1/public/amsfonts/cm/cmr6.pfb><C:/CTEX/MiKTeX/fonts/type1/public
/amsfonts/cm/cmr7.pfb><C:/CTEX/MiKTeX/fonts/type1/public/amsfonts/cm/cmr9.pfb><
C:/CTEX/MiKTeX/fonts/type1/public/amsfonts/cm/cmssbx10.pfb><C:/CTEX/MiKTeX/font
s/type1/public/amsfonts/cm/cmsy6.pfb><C:/CTEX/MiKTeX/fonts/type1/public/amsfont
s/cm/cmsy9.pfb><C:/CTEX/MiKTeX/fonts/type1/public/amsfonts/cm/cmti9.pfb><C:/CTE
X/MiKTeX/fonts/type1/public/amsfonts/cm/cmtt9.pfb><C:/CTEX/MiKTeX/fonts/type1/p
ublic/amsfonts/symbols/msam10.pfb>
Output written on webput-demo.pdf (4 pages, 1288534 bytes).
PDF statistics:
 242 PDF objects out of 1000 (max. 8388607)
 35 named destinations out of 1000 (max. 500000)
 13428 words of extra memory for PDF output out of 14400 (max. 10000000)

